Start testing: Jul 16 08:51 CEST
----------------------------------------------------------
1/1 Testing: txing-cyberbrick-kvs-master-tests
1/1 Test: txing-cyberbrick-kvs-master-tests
Command: "/Users/Maxim/Developer/txing/devices/cyberbrick/board/kvs_master/build-tests/txing-cyberbrick-kvs-master-tests"
Directory: /Users/Maxim/Developer/txing/devices/cyberbrick/board/kvs_master/build-tests
"txing-cyberbrick-kvs-master-tests" start time: Jul 16 08:51 CEST
Output:
----------------------------------------------------------
TXING_KVS_READY version=0.15.4
TXING_KVS_READY version=0.15.4
TXING_KVS_CAMERA_PROBE_START camera=0
TXING_KVS_CAMERA_PROBE_START camera=0
TXING_KVS_READY version=0.15.4
all tests passed
<end of output>
Test time =   0.49 sec
----------------------------------------------------------
Test Passed.
"txing-cyberbrick-kvs-master-tests" end time: Jul 16 08:51 CEST
"txing-cyberbrick-kvs-master-tests" time elapsed: 00:00:00
----------------------------------------------------------

End testing: Jul 16 08:51 CEST
